<!--?xml version="1.0" encoding="UTF-8"?-->
<testsuite time="[time]" timestamp="[timestamp]" tests="2" skipped="0" failures="2">
  <testcase file="error_in_test_jsenv_assert.spec.js" name="worker_thread" time="[time]" timestamp="[timestamp]" tests="1" failures="1">
    <properties>
      <property name="runtimeName" value="node_worker_thread"></property>
      <property name="runtimeVersion" value="25.1.0"></property>
    </properties>
  </testcase>
  <failure type="AssertionError">1 | import { assert } from "@jsenv/assert";
2 | 
3 | assert({
    ^
AssertionError: actual and expect are different

actual: true
expect: false
  at base/node_client/error_in_test_jsenv_assert.spec.js:3:1</failure>
  <testcase file="error_in_test_jsenv_assert.spec.js" name="child_process" time="[time]" timestamp="[timestamp]" tests="1" failures="1">
    <properties>
      <property name="runtimeName" value="node_child_process"></property>
      <property name="runtimeVersion" value="25.1.0"></property>
    </properties>
  </testcase>
  <failure type="AssertionError">1 | import { assert } from "@jsenv/assert";
2 | 
3 | assert({
    ^
AssertionError: actual and expect are different

actual: true
expect: false
  at base/node_client/error_in_test_jsenv_assert.spec.js:3:1</failure>
</testsuite>