<!--?xml version="1.0" encoding="UTF-8"?-->
<testsuite time="[time]" timestamp="[timestamp]" tests="5" skipped="0" failures="0">
  <testcase file="client/empty.spec.html" name="chrome" time="[time]" timestamp="[timestamp]" tests="1">
    <properties>
      <property name="runtimeName" value="chromium"></property>
      <property name="runtimeVersion" value="141.0.7390.37"></property>
    </properties>
  </testcase>
  <testcase file="client/empty.spec.html" name="firefox" time="[time]" timestamp="[timestamp]" tests="1">
    <properties>
      <property name="runtimeName" value="firefox"></property>
      <property name="runtimeVersion" value="142.0.1"></property>
    </properties>
  </testcase>
  <testcase file="client/empty.spec.html" name="webkit" time="[time]" timestamp="[timestamp]" tests="1">
    <properties>
      <property name="runtimeName" value="webkit"></property>
      <property name="runtimeVersion" value="26.0"></property>
    </properties>
  </testcase>
  <testcase file="client/empty.spec.js" name="node" time="[time]" timestamp="[timestamp]" tests="1">
    <properties>
      <property name="runtimeName" value="node_worker_thread"></property>
      <property name="runtimeVersion" value="25.0.0"></property>
    </properties>
  </testcase>
  <testcase file="client/empty.spec.js" name="node_2" time="[time]" timestamp="[timestamp]" tests="1">
    <properties>
      <property name="runtimeName" value="node_child_process"></property>
      <property name="runtimeVersion" value="25.0.0"></property>
    </properties>
  </testcase>
</testsuite>