<!--?xml version="1.0" encoding="UTF-8"?-->
<testsuite time="[time]" timestamp="[timestamp]" tests="3" skipped="0" failures="3">
  <testcase file="error_in_script_module.spec.html" name="chromium" time="[time]" timestamp="[timestamp]" tests="1" errors="1">
    <properties>
      <property name="runtimeName" value="chromium"></property>
      <property name="runtimeVersion" value="145.0.7632.6"></property>
    </properties>
  </testcase>
  <error type="Error"> 9 |   &lt;body&gt;
10 |     &lt;script type="module"&gt;
11 |       throw new Error("here");
                 ^
Error: here
  at base/client/error_in_script_module.spec.html:11:13</error>
  <testcase file="error_in_script_module.spec.html" name="firefox" time="[time]" timestamp="[timestamp]" tests="1" errors="1">
    <properties>
      <property name="runtimeName" value="firefox"></property>
      <property name="runtimeVersion" value="146.0.1"></property>
    </properties>
  </testcase>
  <error type="Error">Error: here</error>
  <testcase file="error_in_script_module.spec.html" name="webkit" time="[time]" timestamp="[timestamp]" tests="1" errors="1">
    <properties>
      <property name="runtimeName" value="webkit"></property>
      <property name="runtimeVersion" value="26.0"></property>
    </properties>
  </testcase>
  <error type="Error"> 9 |   &lt;body&gt;
10 |     &lt;script type="module"&gt;
11 |       throw new Error("here");
                          ^
Error: here
module code@base/client/error_in_script_module.spec.html:11:22</error>
</testsuite>